<?xml version="1.0" encoding="UTF-8"?>
<!-- Generated by org.testng.reporters.JUnitXMLReporter -->
<testsuite ignored="0" hostname="DESKTOP-5B2Q11L" failures="2" tests="2" name="BankingApp Test(failed)" time="20.046" errors="0" timestamp="24 Jan 2021 13:08:59 GMT">
  <testcase classname="com.inetBanking.qa.Testcases.TC_LoginDDT" name="loginDDT" time="5.179">
    <failure type="java.lang.AssertionError" message="expected [true] but found [false]">
      <![CDATA[java.lang.AssertionError: expected [true] but found [false]
at com.inetBanking.qa.Testcases.TC_LoginDDT.loginDDT(TC_LoginDDT.java:33)
... Removed 29 stack frames]]>
    </failure>
  </testcase> <!-- loginDDT -->
  <testcase classname="com.inetBanking.qa.Testcases.TC_LoginDDT" name="loginDDT" time="6.142">
    <failure type="java.lang.AssertionError" message="expected [true] but found [false]">
      <![CDATA[java.lang.AssertionError: expected [true] but found [false]
at com.inetBanking.qa.Testcases.TC_LoginDDT.loginDDT(TC_LoginDDT.java:33)
... Removed 29 stack frames]]>
    </failure>
  </testcase> <!-- loginDDT -->
</testsuite> <!-- BankingApp Test(failed) -->
